[INFO] Scanning for projects...
[INFO] 
[INFO] ------------------------< com.example:library >-------------------------
[INFO] Building library 0.0.1-SNAPSHOT
[INFO]   from pom.xml
[INFO] --------------------------------[ jar ]---------------------------------
[INFO] 
[INFO] >>> spring-boot:3.5.7:run (default-cli) > test-compile @ library >>>
[INFO] 
[INFO] --- resources:3.3.1:resources (default-resources) @ library ---
[INFO] Copying 1 resource from src/main/resources to target/classes
[INFO] Copying 0 resource from src/main/resources to target/classes
[INFO] 
[INFO] --- compiler:3.14.1:compile (default-compile) @ library ---
[INFO] Nothing to compile - all classes are up to date.
[INFO] 
[INFO] --- resources:3.3.1:testResources (default-testResources) @ library ---
[INFO] skip non existing resourceDirectory /Users/tsuchanek/Documents/OSU/7OPR3/Library-system-R23171/library/src/test/resources
[INFO] 
[INFO] --- compiler:3.14.1:testCompile (default-testCompile) @ library ---
[INFO] Nothing to compile - all classes are up to date.
[INFO] 
[INFO] <<< spring-boot:3.5.7:run (default-cli) < test-compile @ library <<<
[INFO] 
[INFO] 
[INFO] --- spring-boot:3.5.7:run (default-cli) @ library ---
[INFO] Attaching agents: []

  .   ____          _            __ _ _
 /\\ / ___'_ __ _ _(_)_ __  __ _ \ \ \ \
( ( )\___ | '_ | '_| | '_ \/ _` | \ \ \ \
 \\/  ___)| |_)| | | | | || (_| |  ) ) ) )
  '  |____| .__|_| |_|_| |_\__, | / / / /
 =========|_|==============|___/=/_/_/_/

 :: Spring Boot ::                (v3.5.7)

2025-11-07T20:56:56.354+01:00  INFO 33850 --- [library] [  restartedMain] com.example.library.LibraryApplication   : Starting LibraryApplication using Java 23-valhalla with PID 33850 (/Users/tsuchanek/Documents/OSU/7OPR3/Library-system-R23171/library/target/classes started by tsuchanek in /Users/tsuchanek/Documents/OSU/7OPR3/Library-system-R23171/library)
2025-11-07T20:56:56.356+01:00  INFO 33850 --- [library] [  restartedMain] com.example.library.LibraryApplication   : No active profile set, falling back to 1 default profile: "default"
2025-11-07T20:56:56.379+01:00  INFO 33850 --- [library] [  restartedMain] .e.DevToolsPropertyDefaultsPostProcessor : Devtools property defaults active! Set 'spring.devtools.add-properties' to 'false' to disable
2025-11-07T20:56:56.380+01:00  INFO 33850 --- [library] [  restartedMain] .e.DevToolsPropertyDefaultsPostProcessor : For additional web related logging consider setting the 'logging.level.web' property to 'DEBUG'
2025-11-07T20:56:56.737+01:00  INFO 33850 --- [library] [  restartedMain] .s.d.r.c.RepositoryConfigurationDelegate : Bootstrapping Spring Data JPA repositories in DEFAULT mode.
2025-11-07T20:56:56.767+01:00  INFO 33850 --- [library] [  restartedMain] .s.d.r.c.RepositoryConfigurationDelegate : Finished Spring Data repository scanning in 26 ms. Found 3 JPA repository interfaces.
2025-11-07T20:56:57.110+01:00  INFO 33850 --- [library] [  restartedMain] o.s.b.w.embedded.tomcat.TomcatWebServer  : Tomcat initialized with port 8080 (http)
2025-11-07T20:56:57.120+01:00  INFO 33850 --- [library] [  restartedMain] o.apache.catalina.core.StandardService   : Starting service [Tomcat]
2025-11-07T20:56:57.120+01:00  INFO 33850 --- [library] [  restartedMain] o.apache.catalina.core.StandardEngine    : Starting Servlet engine: [Apache Tomcat/10.1.48]
2025-11-07T20:56:57.140+01:00  INFO 33850 --- [library] [  restartedMain] o.a.c.c.C.[Tomcat].[localhost].[/]       : Initializing Spring embedded WebApplicationContext
2025-11-07T20:56:57.141+01:00  INFO 33850 --- [library] [  restartedMain] w.s.c.ServletWebServerApplicationContext : Root WebApplicationContext: initialization completed in 760 ms
2025-11-07T20:56:57.235+01:00  INFO 33850 --- [library] [  restartedMain] o.hibernate.jpa.internal.util.LogHelper  : HHH000204: Processing PersistenceUnitInfo [name: default]
2025-11-07T20:56:57.258+01:00  INFO 33850 --- [library] [  restartedMain] org.hibernate.Version                    : HHH000412: Hibernate ORM core version 6.6.33.Final
2025-11-07T20:56:57.274+01:00  INFO 33850 --- [library] [  restartedMain] o.h.c.internal.RegionFactoryInitiator    : HHH000026: Second-level cache disabled
2025-11-07T20:56:57.409+01:00  INFO 33850 --- [library] [  restartedMain] o.s.o.j.p.SpringPersistenceUnitInfo      : No LoadTimeWeaver setup: ignoring JPA class transformer
2025-11-07T20:56:57.426+01:00  INFO 33850 --- [library] [  restartedMain] com.zaxxer.hikari.HikariDataSource       : HikariPool-1 - Starting...
2025-11-07T20:56:57.566+01:00  INFO 33850 --- [library] [  restartedMain] com.zaxxer.hikari.pool.HikariPool        : HikariPool-1 - Added connection conn0: url=jdbc:h2:file:./data/librarydb user=SA
2025-11-07T20:56:57.567+01:00  INFO 33850 --- [library] [  restartedMain] com.zaxxer.hikari.HikariDataSource       : HikariPool-1 - Start completed.
2025-11-07T20:56:57.600+01:00  INFO 33850 --- [library] [  restartedMain] org.hibernate.orm.connections.pooling    : HHH10001005: Database info:
	Database JDBC URL [Connecting through datasource 'HikariDataSource (HikariPool-1)']
	Database driver: undefined/unknown
	Database version: 2.3.232
	Autocommit mode: undefined/unknown
	Isolation level: undefined/unknown
	Minimum pool size: undefined/unknown
	Maximum pool size: undefined/unknown
2025-11-07T20:56:58.060+01:00  INFO 33850 --- [library] [  restartedMain] o.h.e.t.j.p.i.JtaPlatformInitiator       : HHH000489: No JTA platform available (set 'hibernate.transaction.jta.platform' to enable JTA platform integration)
2025-11-07T20:56:58.094+01:00  INFO 33850 --- [library] [  restartedMain] j.LocalContainerEntityManagerFactoryBean : Initialized JPA EntityManagerFactory for persistence unit 'default'
2025-11-07T20:56:58.297+01:00  WARN 33850 --- [library] [  restartedMain] JpaBaseConfiguration$JpaWebConfiguration : spring.jpa.open-in-view is enabled by default. Therefore, database queries may be performed during view rendering. Explicitly configure spring.jpa.open-in-view to disable this warning
2025-11-07T20:56:58.318+01:00  WARN 33850 --- [library] [  restartedMain] .s.s.UserDetailsServiceAutoConfiguration : 

Using generated security password: 3b5233d3-8182-4ca6-8994-568168c3aae7

This generated password is for development use only. Your security configuration must be updated before running your application in production.

2025-11-07T20:56:58.322+01:00  INFO 33850 --- [library] [  restartedMain] r$InitializeUserDetailsManagerConfigurer : Global AuthenticationManager configured with UserDetailsService bean with name inMemoryUserDetailsManager
2025-11-07T20:56:58.544+01:00  INFO 33850 --- [library] [  restartedMain] o.s.b.a.h2.H2ConsoleAutoConfiguration    : H2 console available at '/h2-console'. Database available at 'jdbc:h2:file:./data/librarydb'
2025-11-07T20:56:58.615+01:00  INFO 33850 --- [library] [  restartedMain] o.s.b.d.a.OptionalLiveReloadServer       : LiveReload server is running on port 35729
2025-11-07T20:56:58.635+01:00  INFO 33850 --- [library] [  restartedMain] o.s.b.w.embedded.tomcat.TomcatWebServer  : Tomcat started on port 8080 (http) with context path '/'
2025-11-07T20:56:58.641+01:00  INFO 33850 --- [library] [  restartedMain] com.example.library.LibraryApplication   : Started LibraryApplication in 2.535 seconds (process running for 2.754)
2025-11-07T20:56:59.245+01:00  INFO 33850 --- [library] [nio-8080-exec-1] o.a.c.c.C.[Tomcat].[localhost].[/]       : Initializing Spring DispatcherServlet 'dispatcherServlet'
2025-11-07T20:56:59.245+01:00  INFO 33850 --- [library] [nio-8080-exec-1] o.s.web.servlet.DispatcherServlet        : Initializing Servlet 'dispatcherServlet'
2025-11-07T20:56:59.246+01:00  INFO 33850 --- [library] [nio-8080-exec-1] o.s.web.servlet.DispatcherServlet        : Completed initialization in 1 ms
Hibernate: select u1_0.id,u1_0.address,u1_0.city,u1_0.email,u1_0.name,u1_0.password,u1_0.role,u1_0.surname from library_user u1_0
2025-11-07T20:57:38.488+01:00  INFO 33850 --- [library] [ionShutdownHook] o.s.b.w.e.tomcat.GracefulShutdown        : Commencing graceful shutdown. Waiting for active requests to complete
2025-11-07T20:57:38.495+01:00  INFO 33850 --- [library] [tomcat-shutdown] o.s.b.w.e.tomcat.GracefulShutdown        : Graceful shutdown complete
2025-11-07T20:57:38.499+01:00  INFO 33850 --- [library] [ionShutdownHook] j.LocalContainerEntityManagerFactoryBean : Closing JPA EntityManagerFactory for persistence unit 'default'
2025-11-07T20:57:38.501+01:00  INFO 33850 --- [library] [ionShutdownHook] com.zaxxer.hikari.HikariDataSource       : HikariPool-1 - Shutdown initiated...
2025-11-07T20:57:38.626+01:00  INFO 33850 --- [library] [ionShutdownHook] com.zaxxer.hikari.HikariDataSource       : HikariPool-1 - Shutdown completed.
